# JRE version: Java(TM) SE Runtime Environment (8.0_131-b11) (build 1.8.0_131-b11)
# Java VM: Java HotSpot(TM) 64-Bit Server VM (25.131-b11 mixed mode windows-amd64 compressed oops)
Heap:
 PSYoungGen      total 156160K, used 19763K [0x00000000f5b80000, 0x0000000100000000, 0x0000000100000000)
  eden space 143360K, 13% used [0x00000000f5b80000,0x00000000f6ecced0,0x00000000fe780000)
  from space 12800K, 0% used [0x00000000ff380000,0x00000000ff380000,0x0000000100000000)
  to   space 12288K, 0% used [0x00000000fe780000,0x00000000fe780000,0x00000000ff380000)
 ParOldGen       total 48640K, used 19155K [0x00000000e1200000, 0x00000000e4180000, 0x00000000f5b80000)
  object space 48640K, 39% used [0x00000000e1200000,0x00000000e24b4d40,0x00000000e4180000)
 Metaspace       used 58666K, capacity 61438K, committed 61608K, reserved 1101824K
  class space    used 8104K, capacity 8553K, committed 8624K, reserved 1048576K
GC Heap History (10 events):
Event: 68.193 GC heap before
{Heap before GC invocations=17 (full 2):
 PSYoungGen      total 102912K, used 2838K [0x00000000f5b80000, 0x00000000fde80000, 0x0000000100000000)
  eden space 96256K, 0% used [0x00000000f5b80000,0x00000000f5b80000,0x00000000fb980000)
  from space 6656K, 42% used [0x00000000fb980000,0x00000000fbc45b78,0x00000000fc000000)
  to   space 6656K, 0% used [0x00000000fd800000,0x00000000fd800000,0x00000000fde80000)
 ParOldGen       total 21504K, used 14317K [0x00000000e1200000, 0x00000000e2700000, 0x00000000f5b80000)
  object space 21504K, 66% used [0x00000000e1200000,0x00000000e1ffb508,0x00000000e2700000)
 Metaspace       used 33665K, capacity 35416K, committed 35496K, reserved 1079296K
  class space    used 4399K, capacity 4724K, committed 4784K, reserved 1048576K
Event: 68.447 GC heap after
Heap after GC invocations=17 (full 2):
 PSYoungGen      total 102912K, used 0K [0x00000000f5b80000, 0x00000000fde80000, 0x0000000100000000)
  eden space 96256K, 0% used [0x00000000f5b80000,0x00000000f5b80000,0x00000000fb980000)
  from space 6656K, 0% used [0x00000000fb980000,0x00000000fb980000,0x00000000fc000000)
  to   space 6656K, 0% used [0x00000000fd800000,0x00000000fd800000,0x00000000fde80000)
 ParOldGen       total 33280K, used 12111K [0x00000000e1200000, 0x00000000e3280000, 0x00000000f5b80000)
  object space 33280K, 36% used [0x00000000e1200000,0x00000000e1dd3c30,0x00000000e3280000)
 Metaspace       used 33665K, capacity 35416K, committed 35496K, reserved 1079296K
  class space    used 4399K, capacity 4724K, committed 4784K, reserved 1048576K
}
Event: 128.658 GC heap before
{Heap before GC invocations=18 (full 2):
 PSYoungGen      total 102912K, used 96256K [0x00000000f5b80000, 0x00000000fde80000, 0x0000000100000000)
  eden space 96256K, 100% used [0x00000000f5b80000,0x00000000fb980000,0x00000000fb980000)
  from space 6656K, 0% used [0x00000000fb980000,0x00000000fb980000,0x00000000fc000000)
  to   space 6656K, 0% used [0x00000000fd800000,0x00000000fd800000,0x00000000fde80000)
 ParOldGen       total 33280K, used 12111K [0x00000000e1200000, 0x00000000e3280000, 0x00000000f5b80000)
  object space 33280K, 36% used [0x00000000e1200000,0x00000000e1dd3c30,0x00000000e3280000)
 Metaspace       used 46021K, capacity 47844K, committed 48296K, reserved 1091584K
  class space    used 6193K, capacity 6522K, committed 6576K, reserved 1048576K
Event: 128.702 GC heap after
Heap after GC invocations=18 (full 2):
 PSYoungGen      total 124416K, used 6652K [0x00000000f5b80000, 0x00000000fe580000, 0x0000000100000000)
  eden space 117760K, 0% used [0x00000000f5b80000,0x00000000f5b80000,0x00000000fce80000)
  from space 6656K, 99% used [0x00000000fd800000,0x00000000fde7f0e8,0x00000000fde80000)
  to   space 9728K, 0% used [0x00000000fce80000,0x00000000fce80000,0x00000000fd800000)
 ParOldGen       total 33280K, used 18346K [0x00000000e1200000, 0x00000000e3280000, 0x00000000f5b80000)
  object space 33280K, 55% used [0x00000000e1200000,0x00000000e23ea810,0x00000000e3280000)
 Metaspace       used 46021K, capacity 47844K, committed 48296K, reserved 1091584K
  class space    used 6193K, capacity 6522K, committed 6576K, reserved 1048576K
}
Event: 173.012 GC heap before
{Heap before GC invocations=19 (full 2):
 PSYoungGen      total 124416K, used 124412K [0x00000000f5b80000, 0x00000000fe580000, 0x0000000100000000)
  eden space 117760K, 100% used [0x00000000f5b80000,0x00000000fce80000,0x00000000fce80000)
  from space 6656K, 99% used [0x00000000fd800000,0x00000000fde7f0e8,0x00000000fde80000)
  to   space 9728K, 0% used [0x00000000fce80000,0x00000000fce80000,0x00000000fd800000)
 ParOldGen       total 33280K, used 18346K [0x00000000e1200000, 0x00000000e3280000, 0x00000000f5b80000)
  object space 33280K, 55% used [0x00000000e1200000,0x00000000e23ea810,0x00000000e3280000)
 Metaspace       used 53816K, capacity 56264K, committed 56488K, reserved 1097728K
  class space    used 7411K, capacity 7814K, committed 7856K, reserved 1048576K
Event: 177.255 GC heap after
Heap after GC invocations=19 (full 2):
 PSYoungGen      total 127488K, used 9720K [0x00000000f5b80000, 0x0000000100000000, 0x0000000100000000)
  eden space 117760K, 0% used [0x00000000f5b80000,0x00000000f5b80000,0x00000000fce80000)
  from space 9728K, 99% used [0x00000000fce80000,0x00000000fd7fe020,0x00000000fd800000)
  to   space 12800K, 0% used [0x00000000ff380000,0x00000000ff380000,0x0000000100000000)
 ParOldGen       total 33280K, used 22536K [0x00000000e1200000, 0x00000000e3280000, 0x00000000f5b80000)
  object space 33280K, 67% used [0x00000000e1200000,0x00000000e2802338,0x00000000e3280000)
 Metaspace       used 53816K, capacity 56264K, committed 56488K, reserved 1097728K
  class space    used 7411K, capacity 7814K, committed 7856K, reserved 1048576K
}
Event: 241.669 GC heap before
{Heap before GC invocations=20 (full 2):
 PSYoungGen      total 127488K, used 83099K [0x00000000f5b80000, 0x0000000100000000, 0x0000000100000000)
  eden space 117760K, 62% used [0x00000000f5b80000,0x00000000fa328e08,0x00000000fce80000)
  from space 9728K, 99% used [0x00000000fce80000,0x00000000fd7fe020,0x00000000fd800000)
  to   space 12800K, 0% used [0x00000000ff380000,0x00000000ff380000,0x0000000100000000)
 ParOldGen       total 33280K, used 22536K [0x00000000e1200000, 0x00000000e3280000, 0x00000000f5b80000)
  object space 33280K, 67% used [0x00000000e1200000,0x00000000e2802338,0x00000000e3280000)
 Metaspace       used 56374K, capacity 59038K, committed 59160K, reserved 1099776K
  class space    used 7808K, capacity 8279K, committed 8368K, reserved 1048576K
Event: 242.881 GC heap after
Heap after GC invocations=20 (full 2):
 PSYoungGen      total 156160K, used 3733K [0x00000000f5b80000, 0x0000000100000000, 0x0000000100000000)
  eden space 143360K, 0% used [0x00000000f5b80000,0x00000000f5b80000,0x00000000fe780000)
  from space 12800K, 29% used [0x00000000ff380000,0x00000000ff725660,0x0000000100000000)
  to   space 12288K, 0% used [0x00000000fe780000,0x00000000fe780000,0x00000000ff380000)
 ParOldGen       total 33280K, used 29169K [0x00000000e1200000, 0x00000000e3280000, 0x00000000f5b80000)
  object space 33280K, 87% used [0x00000000e1200000,0x00000000e2e7c5e8,0x00000000e3280000)
 Metaspace       used 56374K, capacity 59038K, committed 59160K, reserved 1099776K
  class space    used 7808K, capacity 8279K, committed 8368K, reserved 1048576K
}
Event: 242.881 GC heap before
{Heap before GC invocations=21 (full 3):
 PSYoungGen      total 156160K, used 3733K [0x00000000f5b80000, 0x0000000100000000, 0x0000000100000000)
  eden space 143360K, 0% used [0x00000000f5b80000,0x00000000f5b80000,0x00000000fe780000)
  from space 12800K, 29% used [0x00000000ff380000,0x00000000ff725660,0x0000000100000000)
  to   space 12288K, 0% used [0x00000000fe780000,0x00000000fe780000,0x00000000ff380000)
 ParOldGen       total 33280K, used 29169K [0x00000000e1200000, 0x00000000e3280000, 0x00000000f5b80000)
  object space 33280K, 87% used [0x00000000e1200000,0x00000000e2e7c5e8,0x00000000e3280000)
 Metaspace       used 56374K, capacity 59038K, committed 59160K, reserved 1099776K
  class space    used 7808K, capacity 8279K, committed 8368K, reserved 1048576K
Event: 245.666 GC heap after
Heap after GC invocations=21 (full 3):
 PSYoungGen      total 156160K, used 0K [0x00000000f5b80000, 0x0000000100000000, 0x0000000100000000)
  eden space 143360K, 0% used [0x00000000f5b80000,0x00000000f5b80000,0x00000000fe780000)
  from space 12800K, 0% used [0x00000000ff380000,0x00000000ff380000,0x0000000100000000)
  to   space 12288K, 0% used [0x00000000fe780000,0x00000000fe780000,0x00000000ff380000)
 ParOldGen       total 48640K, used 19155K [0x00000000e1200000, 0x00000000e4180000, 0x00000000f5b80000)
  object space 48640K, 39% used [0x00000000e1200000,0x00000000e24b4d40,0x00000000e4180000)
 Metaspace       used 56374K, capacity 59038K, committed 59160K, reserved 1099776K
  class space    used 7808K, capacity 8279K, committed 8368K, reserved 1048576K
}

