# JRE version: Java(TM) SE Runtime Environment (8.0_131-b11) (build 1.8.0_131-b11)
# Java VM: Java HotSpot(TM) 64-Bit Server VM (25.131-b11 mixed mode windows-amd64 compressed oops)
Heap:
 PSYoungGen      total 107008K, used 17643K [0x00000000f5b80000, 0x00000000feb80000, 0x0000000100000000)
  eden space 96768K, 18% used [0x00000000f5b80000,0x00000000f6cbaf18,0x00000000fba00000)
  from space 10240K, 0% used [0x00000000fba00000,0x00000000fba00000,0x00000000fc400000)
  to   space 9728K, 0% used [0x00000000fe200000,0x00000000fe200000,0x00000000feb80000)
 ParOldGen       total 47104K, used 19214K [0x00000000e1200000, 0x00000000e4000000, 0x00000000f5b80000)
  object space 47104K, 40% used [0x00000000e1200000,0x00000000e24c3978,0x00000000e4000000)
 Metaspace       used 58432K, capacity 61246K, committed 61352K, reserved 1101824K
  class space    used 8077K, capacity 8553K, committed 8624K, reserved 1048576K
GC Heap History (10 events):
Event: 125.408 GC heap before
{Heap before GC invocations=18 (full 2):
 PSYoungGen      total 69120K, used 62976K [0x00000000f5b80000, 0x00000000fb000000, 0x0000000100000000)
  eden space 62976K, 100% used [0x00000000f5b80000,0x00000000f9900000,0x00000000f9900000)
  from space 6144K, 0% used [0x00000000f9900000,0x00000000f9900000,0x00000000f9f00000)
  to   space 6144K, 0% used [0x00000000faa00000,0x00000000faa00000,0x00000000fb000000)
 ParOldGen       total 36864K, used 12629K [0x00000000e1200000, 0x00000000e3600000, 0x00000000f5b80000)
  object space 36864K, 34% used [0x00000000e1200000,0x00000000e1e555c0,0x00000000e3600000)
 Metaspace       used 42056K, capacity 43908K, committed 44200K, reserved 1087488K
  class space    used 5645K, capacity 6006K, committed 6064K, reserved 1048576K
Event: 125.436 GC heap after
Heap after GC invocations=18 (full 2):
 PSYoungGen      total 78336K, used 6127K [0x00000000f5b80000, 0x00000000fb480000, 0x0000000100000000)
  eden space 72192K, 0% used [0x00000000f5b80000,0x00000000f5b80000,0x00000000fa200000)
  from space 6144K, 99% used [0x00000000faa00000,0x00000000faffbe10,0x00000000fb000000)
  to   space 8192K, 0% used [0x00000000fa200000,0x00000000fa200000,0x00000000faa00000)
 ParOldGen       total 36864K, used 15305K [0x00000000e1200000, 0x00000000e3600000, 0x00000000f5b80000)
  object space 36864K, 41% used [0x00000000e1200000,0x00000000e20f2490,0x00000000e3600000)
 Metaspace       used 42056K, capacity 43908K, committed 44200K, reserved 1087488K
  class space    used 5645K, capacity 6006K, committed 6064K, reserved 1048576K
}
Event: 134.141 GC heap before
{Heap before GC invocations=19 (full 2):
 PSYoungGen      total 78336K, used 78319K [0x00000000f5b80000, 0x00000000fb480000, 0x0000000100000000)
  eden space 72192K, 100% used [0x00000000f5b80000,0x00000000fa200000,0x00000000fa200000)
  from space 6144K, 99% used [0x00000000faa00000,0x00000000faffbe10,0x00000000fb000000)
  to   space 8192K, 0% used [0x00000000fa200000,0x00000000fa200000,0x00000000faa00000)
 ParOldGen       total 36864K, used 15305K [0x00000000e1200000, 0x00000000e3600000, 0x00000000f5b80000)
  object space 36864K, 41% used [0x00000000e1200000,0x00000000e20f2490,0x00000000e3600000)
 Metaspace       used 50528K, capacity 52448K, committed 52904K, reserved 1095680K
  class space    used 6955K, capacity 7324K, committed 7344K, reserved 1048576K
Event: 137.759 GC heap after
Heap after GC invocations=19 (full 2):
 PSYoungGen      total 80384K, used 8186K [0x00000000f5b80000, 0x00000000fce80000, 0x0000000100000000)
  eden space 72192K, 0% used [0x00000000f5b80000,0x00000000f5b80000,0x00000000fa200000)
  from space 8192K, 99% used [0x00000000fa200000,0x00000000fa9fe860,0x00000000faa00000)
  to   space 10240K, 0% used [0x00000000fc480000,0x00000000fc480000,0x00000000fce80000)
 ParOldGen       total 36864K, used 18375K [0x00000000e1200000, 0x00000000e3600000, 0x00000000f5b80000)
  object space 36864K, 49% used [0x00000000e1200000,0x00000000e23f1e08,0x00000000e3600000)
 Metaspace       used 50528K, capacity 52448K, committed 52904K, reserved 1095680K
  class space    used 6955K, capacity 7324K, committed 7344K, reserved 1048576K
}
Event: 168.331 GC heap before
{Heap before GC invocations=20 (full 2):
 PSYoungGen      total 80384K, used 80378K [0x00000000f5b80000, 0x00000000fce80000, 0x0000000100000000)
  eden space 72192K, 100% used [0x00000000f5b80000,0x00000000fa200000,0x00000000fa200000)
  from space 8192K, 99% used [0x00000000fa200000,0x00000000fa9fe860,0x00000000faa00000)
  to   space 10240K, 0% used [0x00000000fc480000,0x00000000fc480000,0x00000000fce80000)
 ParOldGen       total 36864K, used 18375K [0x00000000e1200000, 0x00000000e3600000, 0x00000000f5b80000)
  object space 36864K, 49% used [0x00000000e1200000,0x00000000e23f1e08,0x00000000e3600000)
 Metaspace       used 53773K, capacity 56204K, committed 56488K, reserved 1097728K
  class space    used 7412K, capacity 7814K, committed 7856K, reserved 1048576K
Event: 168.774 GC heap after
Heap after GC invocations=20 (full 2):
 PSYoungGen      total 106496K, used 5462K [0x00000000f5b80000, 0x00000000fce00000, 0x0000000100000000)
  eden space 96768K, 0% used [0x00000000f5b80000,0x00000000f5b80000,0x00000000fba00000)
  from space 9728K, 56% used [0x00000000fc480000,0x00000000fc9d5be8,0x00000000fce00000)
  to   space 10240K, 0% used [0x00000000fba00000,0x00000000fba00000,0x00000000fc400000)
 ParOldGen       total 36864K, used 20313K [0x00000000e1200000, 0x00000000e3600000, 0x00000000f5b80000)
  object space 36864K, 55% used [0x00000000e1200000,0x00000000e25d64a8,0x00000000e3600000)
 Metaspace       used 53773K, capacity 56204K, committed 56488K, reserved 1097728K
  class space    used 7412K, capacity 7814K, committed 7856K, reserved 1048576K
}
Event: 242.005 GC heap before
{Heap before GC invocations=21 (full 2):
 PSYoungGen      total 106496K, used 80968K [0x00000000f5b80000, 0x00000000fce00000, 0x0000000100000000)
  eden space 96768K, 78% used [0x00000000f5b80000,0x00000000fa53c5a8,0x00000000fba00000)
  from space 9728K, 56% used [0x00000000fc480000,0x00000000fc9d5be8,0x00000000fce00000)
  to   space 10240K, 0% used [0x00000000fba00000,0x00000000fba00000,0x00000000fc400000)
 ParOldGen       total 36864K, used 20313K [0x00000000e1200000, 0x00000000e3600000, 0x00000000f5b80000)
  object space 36864K, 55% used [0x00000000e1200000,0x00000000e25d64a8,0x00000000e3600000)
 Metaspace       used 56378K, capacity 59038K, committed 59160K, reserved 1099776K
  class space    used 7811K, capacity 8279K, committed 8368K, reserved 1048576K
Event: 242.693 GC heap after
Heap after GC invocations=21 (full 2):
 PSYoungGen      total 107008K, used 3849K [0x00000000f5b80000, 0x00000000feb80000, 0x0000000100000000)
  eden space 96768K, 0% used [0x00000000f5b80000,0x00000000f5b80000,0x00000000fba00000)
  from space 10240K, 37% used [0x00000000fba00000,0x00000000fbdc27d0,0x00000000fc400000)
  to   space 9728K, 0% used [0x00000000fe200000,0x00000000fe200000,0x00000000feb80000)
 ParOldGen       total 36864K, used 22761K [0x00000000e1200000, 0x00000000e3600000, 0x00000000f5b80000)
  object space 36864K, 61% used [0x00000000e1200000,0x00000000e283a4b8,0x00000000e3600000)
 Metaspace       used 56378K, capacity 59038K, committed 59160K, reserved 1099776K
  class space    used 7811K, capacity 8279K, committed 8368K, reserved 1048576K
}
Event: 242.694 GC heap before
{Heap before GC invocations=22 (full 3):
 PSYoungGen      total 107008K, used 3849K [0x00000000f5b80000, 0x00000000feb80000, 0x0000000100000000)
  eden space 96768K, 0% used [0x00000000f5b80000,0x00000000f5b80000,0x00000000fba00000)
  from space 10240K, 37% used [0x00000000fba00000,0x00000000fbdc27d0,0x00000000fc400000)
  to   space 9728K, 0% used [0x00000000fe200000,0x00000000fe200000,0x00000000feb80000)
 ParOldGen       total 36864K, used 22761K [0x00000000e1200000, 0x00000000e3600000, 0x00000000f5b80000)
  object space 36864K, 61% used [0x00000000e1200000,0x00000000e283a4b8,0x00000000e3600000)
 Metaspace       used 56378K, capacity 59038K, committed 59160K, reserved 1099776K
  class space    used 7811K, capacity 8279K, committed 8368K, reserved 1048576K
Event: 244.947 GC heap after
Heap after GC invocations=22 (full 3):
 PSYoungGen      total 107008K, used 0K [0x00000000f5b80000, 0x00000000feb80000, 0x0000000100000000)
  eden space 96768K, 0% used [0x00000000f5b80000,0x00000000f5b80000,0x00000000fba00000)
  from space 10240K, 0% used [0x00000000fba00000,0x00000000fba00000,0x00000000fc400000)
  to   space 9728K, 0% used [0x00000000fe200000,0x00000000fe200000,0x00000000feb80000)
 ParOldGen       total 47104K, used 19214K [0x00000000e1200000, 0x00000000e4000000, 0x00000000f5b80000)
  object space 47104K, 40% used [0x00000000e1200000,0x00000000e24c3978,0x00000000e4000000)
 Metaspace       used 56378K, capacity 59038K, committed 59160K, reserved 1099776K
  class space    used 7811K, capacity 8279K, committed 8368K, reserved 1048576K
}

