# JRE version: Java(TM) SE Runtime Environment (8.0_131-b11) (build 1.8.0_131-b11)
# Java VM: Java HotSpot(TM) 64-Bit Server VM (25.131-b11 mixed mode windows-amd64 compressed oops)
Heap:
 PSYoungGen      total 154624K, used 24674K [0x00000000f5b80000, 0x0000000100000000, 0x0000000100000000)
  eden space 140800K, 11% used [0x00000000f5b80000,0x00000000f6bfa2d8,0x00000000fe500000)
  from space 13824K, 56% used [0x00000000fe500000,0x00000000fec9e6a0,0x00000000ff280000)
  to   space 13824K, 0% used [0x00000000ff280000,0x00000000ff280000,0x0000000100000000)
 ParOldGen       total 46592K, used 28889K [0x00000000e1200000, 0x00000000e3f80000, 0x00000000f5b80000)
  object space 46592K, 62% used [0x00000000e1200000,0x00000000e2e36610,0x00000000e3f80000)
 Metaspace       used 58450K, capacity 61214K, committed 61312K, reserved 1101824K
  class space    used 8071K, capacity 8521K, committed 8576K, reserved 1048576K
GC Heap History (10 events):
Event: 69.235 GC heap before
{Heap before GC invocations=14 (full 1):
 PSYoungGen      total 156160K, used 11677K [0x00000000f5b80000, 0x0000000100000000, 0x0000000100000000)
  eden space 148480K, 3% used [0x00000000f5b80000,0x00000000f60d4700,0x00000000fec80000)
  from space 7680K, 80% used [0x00000000ff480000,0x00000000ffa92ec0,0x00000000ffc00000)
  to   space 8192K, 0% used [0x00000000fec80000,0x00000000fec80000,0x00000000ff480000)
 ParOldGen       total 19456K, used 14325K [0x00000000e1200000, 0x00000000e2500000, 0x00000000f5b80000)
  object space 19456K, 73% used [0x00000000e1200000,0x00000000e1ffd5e8,0x00000000e2500000)
 Metaspace       used 33706K, capacity 35440K, committed 35456K, reserved 1079296K
  class space    used 4407K, capacity 4730K, committed 4736K, reserved 1048576K
Event: 69.275 GC heap after
Heap after GC invocations=14 (full 1):
 PSYoungGen      total 156672K, used 160K [0x00000000f5b80000, 0x0000000100000000, 0x0000000100000000)
  eden space 148480K, 0% used [0x00000000f5b80000,0x00000000f5b80000,0x00000000fec80000)
  from space 8192K, 1% used [0x00000000fec80000,0x00000000feca8000,0x00000000ff480000)
  to   space 8704K, 0% used [0x00000000ff780000,0x00000000ff780000,0x0000000100000000)
 ParOldGen       total 19456K, used 17591K [0x00000000e1200000, 0x00000000e2500000, 0x00000000f5b80000)
  object space 19456K, 90% used [0x00000000e1200000,0x00000000e232df28,0x00000000e2500000)
 Metaspace       used 33706K, capacity 35440K, committed 35456K, reserved 1079296K
  class space    used 4407K, capacity 4730K, committed 4736K, reserved 1048576K
}
Event: 69.276 GC heap before
{Heap before GC invocations=15 (full 2):
 PSYoungGen      total 156672K, used 160K [0x00000000f5b80000, 0x0000000100000000, 0x0000000100000000)
  eden space 148480K, 0% used [0x00000000f5b80000,0x00000000f5b80000,0x00000000fec80000)
  from space 8192K, 1% used [0x00000000fec80000,0x00000000feca8000,0x00000000ff480000)
  to   space 8704K, 0% used [0x00000000ff780000,0x00000000ff780000,0x0000000100000000)
 ParOldGen       total 19456K, used 17591K [0x00000000e1200000, 0x00000000e2500000, 0x00000000f5b80000)
  object space 19456K, 90% used [0x00000000e1200000,0x00000000e232df28,0x00000000e2500000)
 Metaspace       used 33706K, capacity 35440K, committed 35456K, reserved 1079296K
  class space    used 4407K, capacity 4730K, committed 4736K, reserved 1048576K
Event: 69.565 GC heap after
Heap after GC invocations=15 (full 2):
 PSYoungGen      total 156672K, used 0K [0x00000000f5b80000, 0x0000000100000000, 0x0000000100000000)
  eden space 148480K, 0% used [0x00000000f5b80000,0x00000000f5b80000,0x00000000fec80000)
  from space 8192K, 0% used [0x00000000fec80000,0x00000000fec80000,0x00000000ff480000)
  to   space 8704K, 0% used [0x00000000ff780000,0x00000000ff780000,0x0000000100000000)
 ParOldGen       total 27136K, used 11897K [0x00000000e1200000, 0x00000000e2c80000, 0x00000000f5b80000)
  object space 27136K, 43% used [0x00000000e1200000,0x00000000e1d9e590,0x00000000e2c80000)
 Metaspace       used 33706K, capacity 35440K, committed 35456K, reserved 1079296K
  class space    used 4407K, capacity 4730K, committed 4736K, reserved 1048576K
}
Event: 141.709 GC heap before
{Heap before GC invocations=16 (full 2):
 PSYoungGen      total 156672K, used 148480K [0x00000000f5b80000, 0x0000000100000000, 0x0000000100000000)
  eden space 148480K, 100% used [0x00000000f5b80000,0x00000000fec80000,0x00000000fec80000)
  from space 8192K, 0% used [0x00000000fec80000,0x00000000fec80000,0x00000000ff480000)
  to   space 8704K, 0% used [0x00000000ff780000,0x00000000ff780000,0x0000000100000000)
 ParOldGen       total 27136K, used 11897K [0x00000000e1200000, 0x00000000e2c80000, 0x00000000f5b80000)
  object space 27136K, 43% used [0x00000000e1200000,0x00000000e1d9e590,0x00000000e2c80000)
 Metaspace       used 51655K, capacity 53620K, committed 54144K, reserved 1095680K
  class space    used 7077K, capacity 7434K, committed 7552K, reserved 1048576K
Event: 142.832 GC heap after
Heap after GC invocations=16 (full 2):
 PSYoungGen      total 149504K, used 8683K [0x00000000f5b80000, 0x0000000100000000, 0x0000000100000000)
  eden space 140800K, 0% used [0x00000000f5b80000,0x00000000f5b80000,0x00000000fe500000)
  from space 8704K, 99% used [0x00000000ff780000,0x00000000ffffaff8,0x0000000100000000)
  to   space 13824K, 0% used [0x00000000fe500000,0x00000000fe500000,0x00000000ff280000)
 ParOldGen       total 27136K, used 21855K [0x00000000e1200000, 0x00000000e2c80000, 0x00000000f5b80000)
  object space 27136K, 80% used [0x00000000e1200000,0x00000000e2757e70,0x00000000e2c80000)
 Metaspace       used 51655K, capacity 53620K, committed 54144K, reserved 1095680K
  class space    used 7077K, capacity 7434K, committed 7552K, reserved 1048576K
}
Event: 142.833 GC heap before
{Heap before GC invocations=17 (full 3):
 PSYoungGen      total 149504K, used 8683K [0x00000000f5b80000, 0x0000000100000000, 0x0000000100000000)
  eden space 140800K, 0% used [0x00000000f5b80000,0x00000000f5b80000,0x00000000fe500000)
  from space 8704K, 99% used [0x00000000ff780000,0x00000000ffffaff8,0x0000000100000000)
  to   space 13824K, 0% used [0x00000000fe500000,0x00000000fe500000,0x00000000ff280000)
 ParOldGen       total 27136K, used 21855K [0x00000000e1200000, 0x00000000e2c80000, 0x00000000f5b80000)
  object space 27136K, 80% used [0x00000000e1200000,0x00000000e2757e70,0x00000000e2c80000)
 Metaspace       used 51655K, capacity 53620K, committed 54144K, reserved 1095680K
  class space    used 7077K, capacity 7434K, committed 7552K, reserved 1048576K
Event: 144.167 GC heap after
Heap after GC invocations=17 (full 3):
 PSYoungGen      total 149504K, used 2396K [0x00000000f5b80000, 0x0000000100000000, 0x0000000100000000)
  eden space 140800K, 0% used [0x00000000f5b80000,0x00000000f5b80000,0x00000000fe500000)
  from space 8704K, 27% used [0x00000000ff780000,0x00000000ff9d7230,0x0000000100000000)
  to   space 13824K, 0% used [0x00000000fe500000,0x00000000fe500000,0x00000000ff280000)
 ParOldGen       total 46592K, used 27123K [0x00000000e1200000, 0x00000000e3f80000, 0x00000000f5b80000)
  object space 46592K, 58% used [0x00000000e1200000,0x00000000e2c7cf28,0x00000000e3f80000)
 Metaspace       used 51655K, capacity 53620K, committed 54144K, reserved 1095680K
  class space    used 7077K, capacity 7434K, committed 7552K, reserved 1048576K
}
Event: 246.227 GC heap before
{Heap before GC invocations=18 (full 3):
 PSYoungGen      total 149504K, used 143196K [0x00000000f5b80000, 0x0000000100000000, 0x0000000100000000)
  eden space 140800K, 100% used [0x00000000f5b80000,0x00000000fe500000,0x00000000fe500000)
  from space 8704K, 27% used [0x00000000ff780000,0x00000000ff9d7230,0x0000000100000000)
  to   space 13824K, 0% used [0x00000000fe500000,0x00000000fe500000,0x00000000ff280000)
 ParOldGen       total 46592K, used 27123K [0x00000000e1200000, 0x00000000e3f80000, 0x00000000f5b80000)
  object space 46592K, 58% used [0x00000000e1200000,0x00000000e2c7cf28,0x00000000e3f80000)
 Metaspace       used 56423K, capacity 59166K, committed 59264K, reserved 1099776K
  class space    used 7834K, capacity 8279K, committed 8320K, reserved 1048576K
Event: 248.285 GC heap after
Heap after GC invocations=18 (full 3):
 PSYoungGen      total 154624K, used 7801K [0x00000000f5b80000, 0x0000000100000000, 0x0000000100000000)
  eden space 140800K, 0% used [0x00000000f5b80000,0x00000000f5b80000,0x00000000fe500000)
  from space 13824K, 56% used [0x00000000fe500000,0x00000000fec9e6a0,0x00000000ff280000)
  to   space 13824K, 0% used [0x00000000ff280000,0x00000000ff280000,0x0000000100000000)
 ParOldGen       total 46592K, used 28889K [0x00000000e1200000, 0x00000000e3f80000, 0x00000000f5b80000)
  object space 46592K, 62% used [0x00000000e1200000,0x00000000e2e36610,0x00000000e3f80000)
 Metaspace       used 56423K, capacity 59166K, committed 59264K, reserved 1099776K
  class space    used 7834K, capacity 8279K, committed 8320K, reserved 1048576K
}

